
  .   ____          _            __ _ _
 /\\ / ___'_ __ _ _(_)_ __  __ _ \ \ \ \
( ( )\___ | '_ | '_| | '_ \/ _` | \ \ \ \
 \\/  ___)| |_)| | | | | || (_| |  ) ) ) )
  '  |____| .__|_| |_|_| |_\__, | / / / /
 =========|_|==============|___/=/_/_/_/
 :: Spring Boot ::                (v3.2.0)

2025-12-13T18:03:25.135Z  INFO 23636 --- [user-management-api] [           main] c.f.usermgmt.UserManagementApplication   : Starting UserManagementApplication v1.0.0 using Java 21.0.8 with PID 23636 (C:\Development\git\userManagementApi\target\user-management-api-1.0.0.jar started by shera in C:\Development\git\userManagementApi)
2025-12-13T18:03:25.140Z  INFO 23636 --- [user-management-api] [           main] c.f.usermgmt.UserManagementApplication   : The following 1 profile is active: "mysql"
2025-12-13T18:03:27.823Z  INFO 23636 --- [user-management-api] [           main] .s.d.r.c.RepositoryConfigurationDelegate : Bootstrapping Spring Data JPA repositories in DEFAULT mode.
2025-12-13T18:03:28.016Z  INFO 23636 --- [user-management-api] [           main] .s.d.r.c.RepositoryConfigurationDelegate : Finished Spring Data repository scanning in 169 ms. Found 2 JPA repository interfaces.
2025-12-13T18:03:30.143Z  INFO 23636 --- [user-management-api] [           main] o.s.b.w.embedded.tomcat.TomcatWebServer  : Tomcat initialized with port 8080 (http)
2025-12-13T18:03:30.168Z  INFO 23636 --- [user-management-api] [           main] o.apache.catalina.core.StandardService   : Starting service [Tomcat]
2025-12-13T18:03:30.168Z  INFO 23636 --- [user-management-api] [           main] o.apache.catalina.core.StandardEngine    : Starting Servlet engine: [Apache Tomcat/10.1.16]
2025-12-13T18:03:30.231Z  INFO 23636 --- [user-management-api] [           main] o.a.c.c.C.[Tomcat].[localhost].[/]       : Initializing Spring embedded WebApplicationContext
2025-12-13T18:03:30.231Z  INFO 23636 --- [user-management-api] [           main] w.s.c.ServletWebServerApplicationContext : Root WebApplicationContext: initialization completed in 4885 ms
2025-12-13T18:03:30.673Z  INFO 23636 --- [user-management-api] [           main] com.zaxxer.hikari.HikariDataSource       : HikariPool-1 - Starting...
2025-12-13T18:03:31.825Z  INFO 23636 --- [user-management-api] [           main] com.zaxxer.hikari.pool.HikariPool        : HikariPool-1 - Added connection com.mysql.cj.jdbc.ConnectionImpl@4fad51a3
2025-12-13T18:03:31.825Z  INFO 23636 --- [user-management-api] [           main] com.zaxxer.hikari.HikariDataSource       : HikariPool-1 - Start completed.
2025-12-13T18:03:31.851Z  INFO 23636 --- [user-management-api] [           main] o.s.b.a.h2.H2ConsoleAutoConfiguration    : H2 console available at '/h2-console'. Database available at 'jdbc:mysql://localhost:3306/my_auth_db'
2025-12-13T18:03:32.284Z  INFO 23636 --- [user-management-api] [           main] o.hibernate.jpa.internal.util.LogHelper  : HHH000204: Processing PersistenceUnitInfo [name: default]
2025-12-13T18:03:32.427Z  INFO 23636 --- [user-management-api] [           main] org.hibernate.Version                    : HHH000412: Hibernate ORM core version 6.3.1.Final
2025-12-13T18:03:32.506Z  INFO 23636 --- [user-management-api] [           main] o.h.c.internal.RegionFactoryInitiator    : HHH000026: Second-level cache disabled
2025-12-13T18:03:32.948Z  INFO 23636 --- [user-management-api] [           main] o.s.o.j.p.SpringPersistenceUnitInfo      : No LoadTimeWeaver setup: ignoring JPA class transformer
2025-12-13T18:03:34.437Z  INFO 23636 --- [user-management-api] [           main] o.h.e.t.j.p.i.JtaPlatformInitiator       : HHH000489: No JTA platform available (set 'hibernate.transaction.jta.platform' to enable JTA platform integration)
Hibernate: 
    alter table role_permissions 
       drop 
       foreign key FKegdk29eiy7mdtefy5c7eirr6e
Hibernate: 
    alter table role_permissions 
       drop 
       foreign key FKn5fotdgk8d1xvo8nav9uv3muc
Hibernate: 
    alter table users 
       drop 
       foreign key FKp56c1712k691lhsyewcssf40f
Hibernate: 
    drop table if exists permissions
Hibernate: 
    drop table if exists role_permissions
Hibernate: 
    drop table if exists roles
Hibernate: 
    drop table if exists users
Hibernate: 
    create table permissions (
        id bigint not null auto_increment,
        description varchar(255),
        module varchar(255),
        name varchar(255) not null,
        primary key (id)
    ) engine=InnoDB
Hibernate: 
    create table role_permissions (
        permission_id bigint not null,
        role_id bigint not null,
        primary key (permission_id, role_id)
    ) engine=InnoDB
Hibernate: 
    create table roles (
        id bigint not null auto_increment,
        description varchar(255),
        name varchar(255) not null,
        primary key (id)
    ) engine=InnoDB
Hibernate: 
    create table users (
        failed_login_attempts integer,
        created_at datetime(6),
        id bigint not null auto_increment,
        last_login_at datetime(6),
        locked_until datetime(6),
        role_id bigint,
        updated_at datetime(6),
        department varchar(255),
        email varchar(255) not null,
        employee_id varchar(255),
        full_name varchar(255) not null,
        job_title varchar(255),
        password varchar(255) not null,
        phone_number varchar(255),
        username varchar(255) not null,
        status enum ('ACTIVE','INACTIVE','LOCKED'),
        primary key (id)
    ) engine=InnoDB
Hibernate: 
    alter table permissions 
       add constraint UK_pnvtwliis6p05pn6i3ndjrqt2 unique (name)
Hibernate: 
    alter table roles 
       add constraint UK_ofx66keruapi6vyqpv6f2or37 unique (name)
Hibernate: 
    alter table users 
       add constraint UK_6dotkott2kjsp8vw4d0m25fb7 unique (email)
Hibernate: 
    alter table users 
       add constraint UK_r43af9ap4edm43mmtq01oddj6 unique (username)
Hibernate: 
    alter table role_permissions 
       add constraint FKegdk29eiy7mdtefy5c7eirr6e 
       foreign key (permission_id) 
       references permissions (id)
Hibernate: 
    alter table role_permissions 
       add constraint FKn5fotdgk8d1xvo8nav9uv3muc 
       foreign key (role_id) 
       references roles (id)
Hibernate: 
    alter table users 
       add constraint FKp56c1712k691lhsyewcssf40f 
       foreign key (role_id) 
       references roles (id)
2025-12-13T18:03:35.503Z  INFO 23636 --- [user-management-api] [           main] j.LocalContainerEntityManagerFactoryBean : Initialized JPA EntityManagerFactory for persistence unit 'default'
2025-12-13T18:03:36.892Z  WARN 23636 --- [user-management-api] [           main] JpaBaseConfiguration$JpaWebConfiguration : spring.jpa.open-in-view is enabled by default. Therefore, database queries may be performed during view rendering. Explicitly configure spring.jpa.open-in-view to disable this warning
2025-12-13T18:03:38.995Z  INFO 23636 --- [user-management-api] [           main] o.s.b.a.e.web.EndpointLinksResolver      : Exposing 2 endpoint(s) beneath base path '/actuator'
2025-12-13T18:03:39.200Z  INFO 23636 --- [user-management-api] [           main] o.s.b.w.embedded.tomcat.TomcatWebServer  : Tomcat started on port 8080 (http) with context path ''
2025-12-13T18:03:39.221Z  INFO 23636 --- [user-management-api] [           main] c.f.usermgmt.UserManagementApplication   : Started UserManagementApplication in 15.335 seconds (process running for 16.566)
2025-12-13T18:03:39.257Z  INFO 23636 --- [user-management-api] [ionShutdownHook] j.LocalContainerEntityManagerFactoryBean : Closing JPA EntityManagerFactory for persistence unit 'default'
Hibernate: 
    alter table role_permissions 
       drop 
       foreign key FKegdk29eiy7mdtefy5c7eirr6e
Hibernate: 
    alter table role_permissions 
       drop 
       foreign key FKn5fotdgk8d1xvo8nav9uv3muc
Hibernate: 
    alter table users 
       drop 
       foreign key FKp56c1712k691lhsyewcssf40f
Hibernate: 
    drop table if exists permissions
Hibernate: 
    drop table if exists role_permissions
Hibernate: 
    drop table if exists roles
Hibernate: 
    drop table if exists users
2025-12-13T18:03:39.509Z  INFO 23636 --- [user-management-api] [ionShutdownHook] com.zaxxer.hikari.HikariDataSource       : HikariPool-1 - Shutdown initiated...
2025-12-13T18:03:39.535Z  INFO 23636 --- [user-management-api] [ionShutdownHook] com.zaxxer.hikari.HikariDataSource       : HikariPool-1 - Shutdown completed.
2025-12-13T18:03:39.547Z  INFO 23636 --- [user-management-api] [           main] .s.b.a.l.ConditionEvaluationReportLogger : 

Error starting ApplicationContext. To display the condition evaluation report re-run your application with 'debug' enabled.
