
  .   ____          _            __ _ _
 /\\ / ___'_ __ _ _(_)_ __  __ _ \ \ \ \
( ( )\___ | '_ | '_| | '_ \/ _` | \ \ \ \
 \\/  ___)| |_)| | | | | || (_| |  ) ) ) )
  '  |____| .__|_| |_|_| |_\__, | / / / /
 =========|_|==============|___/=/_/_/_/
 :: Spring Boot ::                (v3.2.0)

2025-12-13T17:51:50.560Z  INFO 15684 --- [user-management-api] [           main] c.f.usermgmt.UserManagementApplication   : Starting UserManagementApplication v1.0.0 using Java 21.0.8 with PID 15684 (C:\Development\git\userManagementApi\target\user-management-api-1.0.0.jar started by shera in C:\Development\git\userManagementApi)
2025-12-13T17:51:50.565Z  INFO 15684 --- [user-management-api] [           main] c.f.usermgmt.UserManagementApplication   : No active profile set, falling back to 1 default profile: "default"
2025-12-13T17:51:53.472Z  INFO 15684 --- [user-management-api] [           main] .s.d.r.c.RepositoryConfigurationDelegate : Bootstrapping Spring Data JPA repositories in DEFAULT mode.
2025-12-13T17:51:53.617Z  INFO 15684 --- [user-management-api] [           main] .s.d.r.c.RepositoryConfigurationDelegate : Finished Spring Data repository scanning in 117 ms. Found 2 JPA repository interfaces.
2025-12-13T17:51:55.610Z  INFO 15684 --- [user-management-api] [           main] o.s.b.w.embedded.tomcat.TomcatWebServer  : Tomcat initialized with port 8080 (http)
2025-12-13T17:51:55.636Z  INFO 15684 --- [user-management-api] [           main] o.apache.catalina.core.StandardService   : Starting service [Tomcat]
2025-12-13T17:51:55.636Z  INFO 15684 --- [user-management-api] [           main] o.apache.catalina.core.StandardEngine    : Starting Servlet engine: [Apache Tomcat/10.1.16]
2025-12-13T17:51:55.709Z  INFO 15684 --- [user-management-api] [           main] o.a.c.c.C.[Tomcat].[localhost].[/]       : Initializing Spring embedded WebApplicationContext
2025-12-13T17:51:55.709Z  INFO 15684 --- [user-management-api] [           main] w.s.c.ServletWebServerApplicationContext : Root WebApplicationContext: initialization completed in 4937 ms
2025-12-13T17:51:56.128Z  INFO 15684 --- [user-management-api] [           main] com.zaxxer.hikari.HikariDataSource       : HikariPool-1 - Starting...
2025-12-13T17:51:56.663Z  INFO 15684 --- [user-management-api] [           main] com.zaxxer.hikari.pool.HikariPool        : HikariPool-1 - Added connection conn0: url=jdbc:h2:mem:fincore_db user=SA
2025-12-13T17:51:56.665Z  INFO 15684 --- [user-management-api] [           main] com.zaxxer.hikari.HikariDataSource       : HikariPool-1 - Start completed.
2025-12-13T17:51:56.679Z  INFO 15684 --- [user-management-api] [           main] o.s.b.a.h2.H2ConsoleAutoConfiguration    : H2 console available at '/h2-console'. Database available at 'jdbc:h2:mem:fincore_db'
2025-12-13T17:51:57.202Z  INFO 15684 --- [user-management-api] [           main] o.hibernate.jpa.internal.util.LogHelper  : HHH000204: Processing PersistenceUnitInfo [name: default]
2025-12-13T17:51:57.358Z  INFO 15684 --- [user-management-api] [           main] org.hibernate.Version                    : HHH000412: Hibernate ORM core version 6.3.1.Final
2025-12-13T17:51:57.452Z  INFO 15684 --- [user-management-api] [           main] o.h.c.internal.RegionFactoryInitiator    : HHH000026: Second-level cache disabled
2025-12-13T17:51:57.960Z  INFO 15684 --- [user-management-api] [           main] o.s.o.j.p.SpringPersistenceUnitInfo      : No LoadTimeWeaver setup: ignoring JPA class transformer
2025-12-13T17:51:59.579Z  INFO 15684 --- [user-management-api] [           main] o.h.e.t.j.p.i.JtaPlatformInitiator       : HHH000489: No JTA platform available (set 'hibernate.transaction.jta.platform' to enable JTA platform integration)
Hibernate: 
    drop table if exists permissions cascade 
Hibernate: 
    drop table if exists role_permissions cascade 
Hibernate: 
    drop table if exists roles cascade 
Hibernate: 
    drop table if exists users cascade 
Hibernate: 
    create table permissions (
        id bigint generated by default as identity,
        description varchar(255),
        module varchar(255),
        name varchar(255) not null unique,
        primary key (id)
    )
Hibernate: 
    create table role_permissions (
        permission_id bigint not null,
        role_id bigint not null,
        primary key (permission_id, role_id)
    )
Hibernate: 
    create table roles (
        id bigint generated by default as identity,
        description varchar(255),
        name varchar(255) not null unique,
        primary key (id)
    )
Hibernate: 
    create table users (
        failed_login_attempts integer,
        created_at timestamp(6),
        id bigint generated by default as identity,
        last_login_at timestamp(6),
        locked_until timestamp(6),
        role_id bigint,
        updated_at timestamp(6),
        department varchar(255),
        email varchar(255) not null unique,
        employee_id varchar(255),
        full_name varchar(255) not null,
        job_title varchar(255),
        password varchar(255) not null,
        phone_number varchar(255),
        status varchar(255) check (status in ('ACTIVE','INACTIVE','LOCKED')),
        username varchar(255) not null unique,
        primary key (id)
    )
Hibernate: 
    alter table if exists role_permissions 
       add constraint FKegdk29eiy7mdtefy5c7eirr6e 
       foreign key (permission_id) 
       references permissions
Hibernate: 
    alter table if exists role_permissions 
       add constraint FKn5fotdgk8d1xvo8nav9uv3muc 
       foreign key (role_id) 
       references roles
Hibernate: 
    alter table if exists users 
       add constraint FKp56c1712k691lhsyewcssf40f 
       foreign key (role_id) 
       references roles
2025-12-13T17:51:59.662Z  INFO 15684 --- [user-management-api] [           main] j.LocalContainerEntityManagerFactoryBean : Initialized JPA EntityManagerFactory for persistence unit 'default'
2025-12-13T17:52:01.113Z  WARN 15684 --- [user-management-api] [           main] JpaBaseConfiguration$JpaWebConfiguration : spring.jpa.open-in-view is enabled by default. Therefore, database queries may be performed during view rendering. Explicitly configure spring.jpa.open-in-view to disable this warning
2025-12-13T17:52:02.681Z  INFO 15684 --- [user-management-api] [           main] o.s.b.a.e.web.EndpointLinksResolver      : Exposing 2 endpoint(s) beneath base path '/actuator'
2025-12-13T17:52:02.887Z  INFO 15684 --- [user-management-api] [           main] o.s.b.w.embedded.tomcat.TomcatWebServer  : Tomcat started on port 8080 (http) with context path ''
2025-12-13T17:52:02.917Z  INFO 15684 --- [user-management-api] [           main] c.f.usermgmt.UserManagementApplication   : Started UserManagementApplication in 13.649 seconds (process running for 14.937)
2025-12-13T17:52:15.252Z  INFO 15684 --- [user-management-api] [nio-8080-exec-1] o.a.c.c.C.[Tomcat].[localhost].[/]       : Initializing Spring DispatcherServlet 'dispatcherServlet'
2025-12-13T17:52:15.255Z  INFO 15684 --- [user-management-api] [nio-8080-exec-1] o.s.web.servlet.DispatcherServlet        : Initializing Servlet 'dispatcherServlet'
2025-12-13T17:52:15.255Z  INFO 15684 --- [user-management-api] [nio-8080-exec-1] o.s.web.servlet.DispatcherServlet        : Completed initialization in 0 ms
Hibernate: 
    select
        u1_0.id,
        u1_0.created_at,
        u1_0.department,
        u1_0.email,
        u1_0.employee_id,
        u1_0.failed_login_attempts,
        u1_0.full_name,
        u1_0.job_title,
        u1_0.last_login_at,
        u1_0.locked_until,
        u1_0.password,
        u1_0.phone_number,
        u1_0.role_id,
        u1_0.status,
        u1_0.updated_at,
        u1_0.username 
    from
        users u1_0
Hibernate: 
    select
        r1_0.id,
        r1_0.description,
        r1_0.name,
        p1_0.role_id,
        p1_1.id,
        p1_1.description,
        p1_1.module,
        p1_1.name 
    from
        roles r1_0 
    left join
        (role_permissions p1_0 
    join
        permissions p1_1 
            on p1_1.id=p1_0.permission_id) 
        on r1_0.id=p1_0.role_id 
    where
        r1_0.id=?
Hibernate: 
    select
        r1_0.id,
        r1_0.description,
        r1_0.name,
        p1_0.role_id,
        p1_1.id,
        p1_1.description,
        p1_1.module,
        p1_1.name 
    from
        roles r1_0 
    left join
        (role_permissions p1_0 
    join
        permissions p1_1 
            on p1_1.id=p1_0.permission_id) 
        on r1_0.id=p1_0.role_id 
    where
        r1_0.id=?
Hibernate: 
    select
        u1_0.id,
        u1_0.created_at,
        u1_0.department,
        u1_0.email,
        u1_0.employee_id,
        u1_0.failed_login_attempts,
        u1_0.full_name,
        u1_0.job_title,
        u1_0.last_login_at,
        u1_0.locked_until,
        u1_0.password,
        u1_0.phone_number,
        u1_0.role_id,
        u1_0.status,
        u1_0.updated_at,
        u1_0.username 
    from
        users u1_0
Hibernate: 
    select
        r1_0.id,
        r1_0.description,
        r1_0.name,
        p1_0.role_id,
        p1_1.id,
        p1_1.description,
        p1_1.module,
        p1_1.name 
    from
        roles r1_0 
    left join
        (role_permissions p1_0 
    join
        permissions p1_1 
            on p1_1.id=p1_0.permission_id) 
        on r1_0.id=p1_0.role_id 
    where
        r1_0.id=?
Hibernate: 
    select
        r1_0.id,
        r1_0.description,
        r1_0.name,
        p1_0.role_id,
        p1_1.id,
        p1_1.description,
        p1_1.module,
        p1_1.name 
    from
        roles r1_0 
    left join
        (role_permissions p1_0 
    join
        permissions p1_1 
            on p1_1.id=p1_0.permission_id) 
        on r1_0.id=p1_0.role_id 
    where
        r1_0.id=?
Hibernate: 
    select
        u1_0.id,
        u1_0.created_at,
        u1_0.department,
        u1_0.email,
        u1_0.employee_id,
        u1_0.failed_login_attempts,
        u1_0.full_name,
        u1_0.job_title,
        u1_0.last_login_at,
        u1_0.locked_until,
        u1_0.password,
        u1_0.phone_number,
        u1_0.role_id,
        u1_0.status,
        u1_0.updated_at,
        u1_0.username 
    from
        users u1_0
Hibernate: 
    select
        r1_0.id,
        r1_0.description,
        r1_0.name,
        p1_0.role_id,
        p1_1.id,
        p1_1.description,
        p1_1.module,
        p1_1.name 
    from
        roles r1_0 
    left join
        (role_permissions p1_0 
    join
        permissions p1_1 
            on p1_1.id=p1_0.permission_id) 
        on r1_0.id=p1_0.role_id 
    where
        r1_0.id=?
Hibernate: 
    select
        r1_0.id,
        r1_0.description,
        r1_0.name,
        p1_0.role_id,
        p1_1.id,
        p1_1.description,
        p1_1.module,
        p1_1.name 
    from
        roles r1_0 
    left join
        (role_permissions p1_0 
    join
        permissions p1_1 
            on p1_1.id=p1_0.permission_id) 
        on r1_0.id=p1_0.role_id 
    where
        r1_0.id=?
Hibernate: 
    select
        u1_0.id,
        u1_0.created_at,
        u1_0.department,
        u1_0.email,
        u1_0.employee_id,
        u1_0.failed_login_attempts,
        u1_0.full_name,
        u1_0.job_title,
        u1_0.last_login_at,
        u1_0.locked_until,
        u1_0.password,
        u1_0.phone_number,
        r1_0.id,
        r1_0.description,
        r1_0.name,
        p1_0.role_id,
        p1_1.id,
        p1_1.description,
        p1_1.module,
        p1_1.name,
        u1_0.status,
        u1_0.updated_at,
        u1_0.username 
    from
        users u1_0 
    left join
        roles r1_0 
            on r1_0.id=u1_0.role_id 
    left join
        (role_permissions p1_0 
    join
        permissions p1_1 
            on p1_1.id=p1_0.permission_id) 
        on r1_0.id=p1_0.role_id 
    where
        u1_0.id=?
Hibernate: 
    select
        u1_0.id,
        u1_0.created_at,
        u1_0.department,
        u1_0.email,
        u1_0.employee_id,
        u1_0.failed_login_attempts,
        u1_0.full_name,
        u1_0.job_title,
        u1_0.last_login_at,
        u1_0.locked_until,
        u1_0.password,
        u1_0.phone_number,
        r1_0.id,
        r1_0.description,
        r1_0.name,
        p1_0.role_id,
        p1_1.id,
        p1_1.description,
        p1_1.module,
        p1_1.name,
        u1_0.status,
        u1_0.updated_at,
        u1_0.username 
    from
        users u1_0 
    left join
        roles r1_0 
            on r1_0.id=u1_0.role_id 
    left join
        (role_permissions p1_0 
    join
        permissions p1_1 
            on p1_1.id=p1_0.permission_id) 
        on r1_0.id=p1_0.role_id 
    where
        u1_0.id=?
Hibernate: 
    select
        u1_0.id,
        u1_0.created_at,
        u1_0.department,
        u1_0.email,
        u1_0.employee_id,
        u1_0.failed_login_attempts,
        u1_0.full_name,
        u1_0.job_title,
        u1_0.last_login_at,
        u1_0.locked_until,
        u1_0.password,
        u1_0.phone_number,
        r1_0.id,
        r1_0.description,
        r1_0.name,
        p1_0.role_id,
        p1_1.id,
        p1_1.description,
        p1_1.module,
        p1_1.name,
        u1_0.status,
        u1_0.updated_at,
        u1_0.username 
    from
        users u1_0 
    left join
        roles r1_0 
            on r1_0.id=u1_0.role_id 
    left join
        (role_permissions p1_0 
    join
        permissions p1_1 
            on p1_1.id=p1_0.permission_id) 
        on r1_0.id=p1_0.role_id 
    where
        u1_0.id=?
Hibernate: 
    select
        u1_0.id,
        u1_0.created_at,
        u1_0.department,
        u1_0.email,
        u1_0.employee_id,
        u1_0.failed_login_attempts,
        u1_0.full_name,
        u1_0.job_title,
        u1_0.last_login_at,
        u1_0.locked_until,
        u1_0.password,
        u1_0.phone_number,
        r1_0.id,
        r1_0.description,
        r1_0.name,
        p1_0.role_id,
        p1_1.id,
        p1_1.description,
        p1_1.module,
        p1_1.name,
        u1_0.status,
        u1_0.updated_at,
        u1_0.username 
    from
        users u1_0 
    left join
        roles r1_0 
            on r1_0.id=u1_0.role_id 
    left join
        (role_permissions p1_0 
    join
        permissions p1_1 
            on p1_1.id=p1_0.permission_id) 
        on r1_0.id=p1_0.role_id 
    where
        u1_0.id=?
Hibernate: 
    select
        u1_0.id,
        u1_0.created_at,
        u1_0.department,
        u1_0.email,
        u1_0.employee_id,
        u1_0.failed_login_attempts,
        u1_0.full_name,
        u1_0.job_title,
        u1_0.last_login_at,
        u1_0.locked_until,
        u1_0.password,
        u1_0.phone_number,
        r1_0.id,
        r1_0.description,
        r1_0.name,
        p1_0.role_id,
        p1_1.id,
        p1_1.description,
        p1_1.module,
        p1_1.name,
        u1_0.status,
        u1_0.updated_at,
        u1_0.username 
    from
        users u1_0 
    left join
        roles r1_0 
            on r1_0.id=u1_0.role_id 
    left join
        (role_permissions p1_0 
    join
        permissions p1_1 
            on p1_1.id=p1_0.permission_id) 
        on r1_0.id=p1_0.role_id 
    where
        u1_0.id=?
Hibernate: 
    select
        r1_0.id,
        r1_0.description,
        r1_0.name 
    from
        roles r1_0 
    where
        r1_0.name=?
Hibernate: 
    select
        p1_0.role_id,
        p1_1.id,
        p1_1.description,
        p1_1.module,
        p1_1.name 
    from
        role_permissions p1_0 
    join
        permissions p1_1 
            on p1_1.id=p1_0.permission_id 
    where
        p1_0.role_id=?
Hibernate: 
    insert 
    into
        users
        (created_at, department, email, employee_id, failed_login_attempts, full_name, job_title, last_login_at, locked_until, password, phone_number, role_id, status, updated_at, username, id) 
    values
        (?, ?, ?, ?, ?, ?, ?, ?, ?, ?, ?, ?, ?, ?, ?, default)
Hibernate: 
    select
        r1_0.id,
        r1_0.description,
        r1_0.name 
    from
        roles r1_0 
    where
        r1_0.name=?
Hibernate: 
    select
        p1_0.role_id,
        p1_1.id,
        p1_1.description,
        p1_1.module,
        p1_1.name 
    from
        role_permissions p1_0 
    join
        permissions p1_1 
            on p1_1.id=p1_0.permission_id 
    where
        p1_0.role_id=?
Hibernate: 
    insert 
    into
        users
        (created_at, department, email, employee_id, failed_login_attempts, full_name, job_title, last_login_at, locked_until, password, phone_number, role_id, status, updated_at, username, id) 
    values
        (?, ?, ?, ?, ?, ?, ?, ?, ?, ?, ?, ?, ?, ?, ?, default)
2025-12-13T17:53:51.247Z  WARN 15684 --- [user-management-api] [nio-8080-exec-7] o.h.engine.jdbc.spi.SqlExceptionHelper   : SQL Error: 23505, SQLState: 23505
2025-12-13T17:53:51.251Z ERROR 15684 --- [user-management-api] [nio-8080-exec-7] o.h.engine.jdbc.spi.SqlExceptionHelper   : Unique index or primary key violation: "PUBLIC.CONSTRAINT_INDEX_4D ON PUBLIC.USERS(EMAIL NULLS FIRST) VALUES ( /* 4 */ 'newuser@example.com' )"; SQL statement:
insert into users (created_at,department,email,employee_id,failed_login_attempts,full_name,job_title,last_login_at,locked_until,password,phone_number,role_id,status,updated_at,username,id) values (?,?,?,?,?,?,?,?,?,?,?,?,?,?,?,default) [23505-224]
Hibernate: 
    select
        r1_0.id,
        r1_0.description,
        r1_0.name 
    from
        roles r1_0 
    where
        r1_0.name=?
Hibernate: 
    select
        p1_0.role_id,
        p1_1.id,
        p1_1.description,
        p1_1.module,
        p1_1.name 
    from
        role_permissions p1_0 
    join
        permissions p1_1 
            on p1_1.id=p1_0.permission_id 
    where
        p1_0.role_id=?
Hibernate: 
    insert 
    into
        users
        (created_at, department, email, employee_id, failed_login_attempts, full_name, job_title, last_login_at, locked_until, password, phone_number, role_id, status, updated_at, username, id) 
    values
        (?, ?, ?, ?, ?, ?, ?, ?, ?, ?, ?, ?, ?, ?, ?, default)
2025-12-13T17:54:09.590Z  WARN 15684 --- [user-management-api] [nio-8080-exec-8] o.h.engine.jdbc.spi.SqlExceptionHelper   : SQL Error: 23505, SQLState: 23505
2025-12-13T17:54:09.590Z ERROR 15684 --- [user-management-api] [nio-8080-exec-8] o.h.engine.jdbc.spi.SqlExceptionHelper   : Unique index or primary key violation: "PUBLIC.CONSTRAINT_INDEX_4D ON PUBLIC.USERS(EMAIL NULLS FIRST) VALUES ( /* 4 */ 'newuser@example.com' )"; SQL statement:
insert into users (created_at,department,email,employee_id,failed_login_attempts,full_name,job_title,last_login_at,locked_until,password,phone_number,role_id,status,updated_at,username,id) values (?,?,?,?,?,?,?,?,?,?,?,?,?,?,?,default) [23505-224]
Hibernate: 
    select
        r1_0.id,
        r1_0.description,
        r1_0.name 
    from
        roles r1_0 
    where
        r1_0.name=?
Hibernate: 
    select
        p1_0.role_id,
        p1_1.id,
        p1_1.description,
        p1_1.module,
        p1_1.name 
    from
        role_permissions p1_0 
    join
        permissions p1_1 
            on p1_1.id=p1_0.permission_id 
    where
        p1_0.role_id=?
Hibernate: 
    insert 
    into
        users
        (created_at, department, email, employee_id, failed_login_attempts, full_name, job_title, last_login_at, locked_until, password, phone_number, role_id, status, updated_at, username, id) 
    values
        (?, ?, ?, ?, ?, ?, ?, ?, ?, ?, ?, ?, ?, ?, ?, default)
Hibernate: 
    select
        r1_0.id,
        r1_0.description,
        r1_0.name 
    from
        roles r1_0 
    where
        r1_0.name=?
Hibernate: 
    select
        p1_0.role_id,
        p1_1.id,
        p1_1.description,
        p1_1.module,
        p1_1.name 
    from
        role_permissions p1_0 
    join
        permissions p1_1 
            on p1_1.id=p1_0.permission_id 
    where
        p1_0.role_id=?
Hibernate: 
    insert 
    into
        users
        (created_at, department, email, employee_id, failed_login_attempts, full_name, job_title, last_login_at, locked_until, password, phone_number, role_id, status, updated_at, username, id) 
    values
        (?, ?, ?, ?, ?, ?, ?, ?, ?, ?, ?, ?, ?, ?, ?, default)
2025-12-13T17:54:22.694Z  WARN 15684 --- [user-management-api] [io-8080-exec-10] o.h.engine.jdbc.spi.SqlExceptionHelper   : SQL Error: 23505, SQLState: 23505
2025-12-13T17:54:22.694Z ERROR 15684 --- [user-management-api] [io-8080-exec-10] o.h.engine.jdbc.spi.SqlExceptionHelper   : Unique index or primary key violation: "PUBLIC.CONSTRAINT_INDEX_4D ON PUBLIC.USERS(EMAIL NULLS FIRST) VALUES ( /* 7 */ '123newuser@example.com' )"; SQL statement:
insert into users (created_at,department,email,employee_id,failed_login_attempts,full_name,job_title,last_login_at,locked_until,password,phone_number,role_id,status,updated_at,username,id) values (?,?,?,?,?,?,?,?,?,?,?,?,?,?,?,default) [23505-224]
Hibernate: 
    select
        r1_0.id,
        r1_0.description,
        r1_0.name 
    from
        roles r1_0 
    where
        r1_0.name=?
Hibernate: 
    select
        p1_0.role_id,
        p1_1.id,
        p1_1.description,
        p1_1.module,
        p1_1.name 
    from
        role_permissions p1_0 
    join
        permissions p1_1 
            on p1_1.id=p1_0.permission_id 
    where
        p1_0.role_id=?
Hibernate: 
    insert 
    into
        users
        (created_at, department, email, employee_id, failed_login_attempts, full_name, job_title, last_login_at, locked_until, password, phone_number, role_id, status, updated_at, username, id) 
    values
        (?, ?, ?, ?, ?, ?, ?, ?, ?, ?, ?, ?, ?, ?, ?, default)
2025-12-13T17:54:29.227Z  WARN 15684 --- [user-management-api] [nio-8080-exec-1] o.h.engine.jdbc.spi.SqlExceptionHelper   : SQL Error: 23505, SQLState: 23505
2025-12-13T17:54:29.229Z ERROR 15684 --- [user-management-api] [nio-8080-exec-1] o.h.engine.jdbc.spi.SqlExceptionHelper   : Unique index or primary key violation: "PUBLIC.CONSTRAINT_INDEX_4D4 ON PUBLIC.USERS(USERNAME NULLS FIRST) VALUES ( /* 7 */ 'newuserabc123' )"; SQL statement:
insert into users (created_at,department,email,employee_id,failed_login_attempts,full_name,job_title,last_login_at,locked_until,password,phone_number,role_id,status,updated_at,username,id) values (?,?,?,?,?,?,?,?,?,?,?,?,?,?,?,default) [23505-224]
Hibernate: 
    select
        r1_0.id,
        r1_0.description,
        r1_0.name 
    from
        roles r1_0 
    where
        r1_0.name=?
Hibernate: 
    select
        p1_0.role_id,
        p1_1.id,
        p1_1.description,
        p1_1.module,
        p1_1.name 
    from
        role_permissions p1_0 
    join
        permissions p1_1 
            on p1_1.id=p1_0.permission_id 
    where
        p1_0.role_id=?
Hibernate: 
    insert 
    into
        users
        (created_at, department, email, employee_id, failed_login_attempts, full_name, job_title, last_login_at, locked_until, password, phone_number, role_id, status, updated_at, username, id) 
    values
        (?, ?, ?, ?, ?, ?, ?, ?, ?, ?, ?, ?, ?, ?, ?, default)
2025-12-13T17:54:38.554Z  WARN 15684 --- [user-management-api] [nio-8080-exec-2] o.h.engine.jdbc.spi.SqlExceptionHelper   : SQL Error: 23505, SQLState: 23505
2025-12-13T17:54:38.554Z ERROR 15684 --- [user-management-api] [nio-8080-exec-2] o.h.engine.jdbc.spi.SqlExceptionHelper   : Unique index or primary key violation: "PUBLIC.CONSTRAINT_INDEX_4D4 ON PUBLIC.USERS(USERNAME NULLS FIRST) VALUES ( /* 7 */ 'newuserabc123' )"; SQL statement:
insert into users (created_at,department,email,employee_id,failed_login_attempts,full_name,job_title,last_login_at,locked_until,password,phone_number,role_id,status,updated_at,username,id) values (?,?,?,?,?,?,?,?,?,?,?,?,?,?,?,default) [23505-224]
Hibernate: 
    select
        r1_0.id,
        r1_0.description,
        r1_0.name 
    from
        roles r1_0 
    where
        r1_0.name=?
Hibernate: 
    select
        p1_0.role_id,
        p1_1.id,
        p1_1.description,
        p1_1.module,
        p1_1.name 
    from
        role_permissions p1_0 
    join
        permissions p1_1 
            on p1_1.id=p1_0.permission_id 
    where
        p1_0.role_id=?
Hibernate: 
    insert 
    into
        users
        (created_at, department, email, employee_id, failed_login_attempts, full_name, job_title, last_login_at, locked_until, password, phone_number, role_id, status, updated_at, username, id) 
    values
        (?, ?, ?, ?, ?, ?, ?, ?, ?, ?, ?, ?, ?, ?, ?, default)
2025-12-13T17:54:44.282Z  WARN 15684 --- [user-management-api] [nio-8080-exec-3] o.h.engine.jdbc.spi.SqlExceptionHelper   : SQL Error: 23505, SQLState: 23505
2025-12-13T17:54:44.290Z ERROR 15684 --- [user-management-api] [nio-8080-exec-3] o.h.engine.jdbc.spi.SqlExceptionHelper   : Unique index or primary key violation: "PUBLIC.CONSTRAINT_INDEX_4D4 ON PUBLIC.USERS(USERNAME NULLS FIRST) VALUES ( /* 7 */ 'newuserabc123' )"; SQL statement:
insert into users (created_at,department,email,employee_id,failed_login_attempts,full_name,job_title,last_login_at,locked_until,password,phone_number,role_id,status,updated_at,username,id) values (?,?,?,?,?,?,?,?,?,?,?,?,?,?,?,default) [23505-224]
Hibernate: 
    select
        r1_0.id,
        r1_0.description,
        r1_0.name 
    from
        roles r1_0 
    where
        r1_0.name=?
Hibernate: 
    select
        p1_0.role_id,
        p1_1.id,
        p1_1.description,
        p1_1.module,
        p1_1.name 
    from
        role_permissions p1_0 
    join
        permissions p1_1 
            on p1_1.id=p1_0.permission_id 
    where
        p1_0.role_id=?
Hibernate: 
    insert 
    into
        users
        (created_at, department, email, employee_id, failed_login_attempts, full_name, job_title, last_login_at, locked_until, password, phone_number, role_id, status, updated_at, username, id) 
    values
        (?, ?, ?, ?, ?, ?, ?, ?, ?, ?, ?, ?, ?, ?, ?, default)
Hibernate: 
    select
        u1_0.id,
        u1_0.created_at,
        u1_0.department,
        u1_0.email,
        u1_0.employee_id,
        u1_0.failed_login_attempts,
        u1_0.full_name,
        u1_0.job_title,
        u1_0.last_login_at,
        u1_0.locked_until,
        u1_0.password,
        u1_0.phone_number,
        u1_0.role_id,
        u1_0.status,
        u1_0.updated_at,
        u1_0.username 
    from
        users u1_0
Hibernate: 
    select
        r1_0.id,
        r1_0.description,
        r1_0.name,
        p1_0.role_id,
        p1_1.id,
        p1_1.description,
        p1_1.module,
        p1_1.name 
    from
        roles r1_0 
    left join
        (role_permissions p1_0 
    join
        permissions p1_1 
            on p1_1.id=p1_0.permission_id) 
        on r1_0.id=p1_0.role_id 
    where
        r1_0.id=?
Hibernate: 
    select
        r1_0.id,
        r1_0.description,
        r1_0.name,
        p1_0.role_id,
        p1_1.id,
        p1_1.description,
        p1_1.module,
        p1_1.name 
    from
        roles r1_0 
    left join
        (role_permissions p1_0 
    join
        permissions p1_1 
            on p1_1.id=p1_0.permission_id) 
        on r1_0.id=p1_0.role_id 
    where
        r1_0.id=?
Hibernate: 
    select
        r1_0.id,
        r1_0.description,
        r1_0.name,
        p1_0.role_id,
        p1_1.id,
        p1_1.description,
        p1_1.module,
        p1_1.name 
    from
        roles r1_0 
    left join
        (role_permissions p1_0 
    join
        permissions p1_1 
            on p1_1.id=p1_0.permission_id) 
        on r1_0.id=p1_0.role_id 
    where
        r1_0.id=?
